{"contracts/NftMarketplace.sol":{"l":{"52":1,"53":1,"54":0,"56":1,"60":0,"61":0,"62":0,"64":0,"72":1,"73":1,"74":1,"75":0,"77":1,"103":1,"104":0,"110":1,"111":1,"112":0,"114":1,"115":1,"125":0,"126":0,"127":0,"134":0,"135":0,"136":0,"138":0,"146":0,"147":0,"155":0,"156":0,"160":0,"161":0,"162":0,"164":0,"165":0,"166":0,"167":0,"180":0,"184":0},"path":"/home/aindriu/Cáipéisí/Programming/projects/FreeCodeCamp/fcc-hardhat-nft-marketplace-app/contracts/NftMarketplace.sol","s":{"1":1,"2":1,"3":0,"4":0,"5":1,"6":1,"7":1,"8":1,"9":1,"10":1,"11":1,"12":0,"13":0,"14":0,"15":0,"16":0,"17":0,"18":0,"19":0,"20":0,"21":0,"22":0,"23":0},"b":{"1":[0,1],"2":[0,0],"3":[0,1],"4":[1,0],"5":[1,0],"6":[0,1],"7":[0,1],"8":[0,0],"9":[0,0],"10":[0,0],"11":[0,0],"12":[0,0],"13":[0,0],"14":[0,0],"15":[0,0],"16":[0,0]},"f":{"1":1,"2":0,"3":1,"4":1,"5":0,"6":0,"7":0,"8":0,"9":0,"10":0},"fnMap":{"1":{"name":"notListed","line":47,"loc":{"start":{"line":47,"column":4},"end":{"line":57,"column":4}}},"2":{"name":"isListed","line":59,"loc":{"start":{"line":59,"column":4},"end":{"line":65,"column":4}}},"3":{"name":"isOwner","line":67,"loc":{"start":{"line":67,"column":4},"end":{"line":78,"column":4}}},"4":{"name":"listItem","line":101,"loc":{"start":{"line":92,"column":4},"end":{"line":117,"column":4}}},"5":{"name":"buyItem","line":123,"loc":{"start":{"line":119,"column":4},"end":{"line":139,"column":4}}},"6":{"name":"cancelItem","line":144,"loc":{"start":{"line":141,"column":4},"end":{"line":148,"column":4}}},"7":{"name":"updateListing","line":154,"loc":{"start":{"line":150,"column":4},"end":{"line":157,"column":4}}},"8":{"name":"withdrawProceeds","line":159,"loc":{"start":{"line":159,"column":4},"end":{"line":169,"column":4}}},"9":{"name":"getListing","line":175,"loc":{"start":{"line":175,"column":4},"end":{"line":181,"column":4}}},"10":{"name":"getProceeds","line":183,"loc":{"start":{"line":183,"column":4},"end":{"line":185,"column":4}}}},"statementMap":{"1":{"start":{"line":52,"column":8},"end":{"line":52,"column":64}},"2":{"start":{"line":53,"column":8},"end":{"line":53,"column":1634}},"3":{"start":{"line":60,"column":8},"end":{"line":60,"column":64}},"4":{"start":{"line":61,"column":8},"end":{"line":61,"column":1893}},"5":{"start":{"line":72,"column":8},"end":{"line":72,"column":41}},"6":{"start":{"line":73,"column":8},"end":{"line":73,"column":44}},"7":{"start":{"line":74,"column":8},"end":{"line":74,"column":2218}},"8":{"start":{"line":103,"column":8},"end":{"line":103,"column":3187}},"9":{"start":{"line":110,"column":8},"end":{"line":110,"column":41}},"10":{"start":{"line":111,"column":8},"end":{"line":111,"column":3551}},"11":{"start":{"line":115,"column":8},"end":{"line":115,"column":63}},"12":{"start":{"line":125,"column":8},"end":{"line":125,"column":67}},"13":{"start":{"line":126,"column":8},"end":{"line":126,"column":4078}},"14":{"start":{"line":136,"column":8},"end":{"line":136,"column":83}},"15":{"start":{"line":138,"column":8},"end":{"line":138,"column":74}},"16":{"start":{"line":147,"column":8},"end":{"line":147,"column":58}},"17":{"start":{"line":156,"column":8},"end":{"line":156,"column":66}},"18":{"start":{"line":160,"column":8},"end":{"line":160,"column":49}},"19":{"start":{"line":161,"column":8},"end":{"line":161,"column":5535}},"20":{"start":{"line":165,"column":8},"end":{"line":165,"column":72}},"21":{"start":{"line":166,"column":8},"end":{"line":166,"column":5734}},"22":{"start":{"line":180,"column":8},"end":{"line":180,"column":46}},"23":{"start":{"line":184,"column":8},"end":{"line":184,"column":33}}},"branchMap":{"1":{"line":53,"type":"if","locations":[{"start":{"line":53,"column":8},"end":{"line":53,"column":8}},{"start":{"line":53,"column":8},"end":{"line":53,"column":8}}]},"2":{"line":61,"type":"if","locations":[{"start":{"line":61,"column":8},"end":{"line":61,"column":8}},{"start":{"line":61,"column":8},"end":{"line":61,"column":8}}]},"3":{"line":74,"type":"if","locations":[{"start":{"line":74,"column":8},"end":{"line":74,"column":8}},{"start":{"line":74,"column":8},"end":{"line":74,"column":8}}]},"4":{"line":100,"type":"if","locations":[{"start":{"line":100,"column":8},"end":{"line":100,"column":8}},{"start":{"line":100,"column":8},"end":{"line":100,"column":8}}]},"5":{"line":101,"type":"if","locations":[{"start":{"line":101,"column":8},"end":{"line":101,"column":8}},{"start":{"line":101,"column":8},"end":{"line":101,"column":8}}]},"6":{"line":103,"type":"if","locations":[{"start":{"line":103,"column":8},"end":{"line":103,"column":8}},{"start":{"line":103,"column":8},"end":{"line":103,"column":8}}]},"7":{"line":111,"type":"if","locations":[{"start":{"line":111,"column":8},"end":{"line":111,"column":8}},{"start":{"line":111,"column":8},"end":{"line":111,"column":8}}]},"8":{"line":122,"type":"if","locations":[{"start":{"line":122,"column":8},"end":{"line":122,"column":8}},{"start":{"line":122,"column":8},"end":{"line":122,"column":8}}]},"9":{"line":123,"type":"if","locations":[{"start":{"line":123,"column":8},"end":{"line":123,"column":8}},{"start":{"line":123,"column":8},"end":{"line":123,"column":8}}]},"10":{"line":126,"type":"if","locations":[{"start":{"line":126,"column":8},"end":{"line":126,"column":8}},{"start":{"line":126,"column":8},"end":{"line":126,"column":8}}]},"11":{"line":143,"type":"if","locations":[{"start":{"line":143,"column":8},"end":{"line":143,"column":8}},{"start":{"line":143,"column":8},"end":{"line":143,"column":8}}]},"12":{"line":144,"type":"if","locations":[{"start":{"line":144,"column":8},"end":{"line":144,"column":8}},{"start":{"line":144,"column":8},"end":{"line":144,"column":8}}]},"13":{"line":154,"type":"if","locations":[{"start":{"line":154,"column":15},"end":{"line":154,"column":15}},{"start":{"line":154,"column":15},"end":{"line":154,"column":15}}]},"14":{"line":154,"type":"if","locations":[{"start":{"line":154,"column":45},"end":{"line":154,"column":45}},{"start":{"line":154,"column":45},"end":{"line":154,"column":45}}]},"15":{"line":161,"type":"if","locations":[{"start":{"line":161,"column":8},"end":{"line":161,"column":8}},{"start":{"line":161,"column":8},"end":{"line":161,"column":8}}]},"16":{"line":166,"type":"if","locations":[{"start":{"line":166,"column":8},"end":{"line":166,"column":8}},{"start":{"line":166,"column":8},"end":{"line":166,"column":8}}]}}},"contracts/sublesson/ReentrantVulnerable.sol":{"l":{"43":0,"49":0,"50":0,"51":0,"52":0,"54":0,"55":0,"57":0,"58":0,"63":0,"71":0,"76":0,"77":0,"82":0,"83":0,"84":0,"89":0},"path":"/home/aindriu/Cáipéisí/Programming/projects/FreeCodeCamp/fcc-hardhat-nft-marketplace-app/contracts/sublesson/ReentrantVulnerable.sol","s":{"1":0,"2":0,"3":0,"4":0,"5":0,"6":0,"7":0,"8":0,"9":0,"10":0,"11":0,"12":0},"b":{"1":[0,0],"2":[0,0],"3":[0,0],"4":[0,0],"5":[0,0]},"f":{"1":0,"2":0,"3":0,"4":0,"5":0,"6":0,"7":0},"fnMap":{"1":{"name":"deposit","line":42,"loc":{"start":{"line":42,"column":4},"end":{"line":44,"column":4}}},"2":{"name":"withdraw","line":48,"loc":{"start":{"line":48,"column":4},"end":{"line":59,"column":4}}},"3":{"name":"getBalance","line":62,"loc":{"start":{"line":62,"column":4},"end":{"line":64,"column":4}}},"4":{"name":"constructor","line":70,"loc":{"start":{"line":70,"column":4},"end":{"line":72,"column":4}}},"5":{"name":null,"line":75,"loc":{"start":{"line":75,"column":4},"end":{"line":79,"column":4}}},"6":{"name":"attack","line":81,"loc":{"start":{"line":81,"column":4},"end":{"line":85,"column":4}}},"7":{"name":"getBalance","line":88,"loc":{"start":{"line":88,"column":4},"end":{"line":90,"column":4}}}},"statementMap":{"1":{"start":{"line":49,"column":8},"end":{"line":49,"column":33}},"2":{"start":{"line":51,"column":8},"end":{"line":51,"column":42}},"3":{"start":{"line":52,"column":8},"end":{"line":52,"column":23}},"4":{"start":{"line":54,"column":8},"end":{"line":54,"column":55}},"5":{"start":{"line":55,"column":8},"end":{"line":55,"column":44}},"6":{"start":{"line":63,"column":8},"end":{"line":63,"column":36}},"7":{"start":{"line":76,"column":8},"end":{"line":76,"column":2160}},"8":{"start":{"line":77,"column":12},"end":{"line":77,"column":41}},"9":{"start":{"line":82,"column":8},"end":{"line":82,"column":36}},"10":{"start":{"line":83,"column":8},"end":{"line":83,"column":52}},"11":{"start":{"line":84,"column":8},"end":{"line":84,"column":37}},"12":{"start":{"line":89,"column":8},"end":{"line":89,"column":36}}},"branchMap":{"1":{"line":49,"type":"if","locations":[{"start":{"line":49,"column":8},"end":{"line":49,"column":8}},{"start":{"line":49,"column":8},"end":{"line":49,"column":8}}]},"2":{"line":52,"type":"if","locations":[{"start":{"line":52,"column":8},"end":{"line":52,"column":8}},{"start":{"line":52,"column":8},"end":{"line":52,"column":8}}]},"3":{"line":55,"type":"if","locations":[{"start":{"line":55,"column":8},"end":{"line":55,"column":8}},{"start":{"line":55,"column":8},"end":{"line":55,"column":8}}]},"4":{"line":76,"type":"if","locations":[{"start":{"line":76,"column":8},"end":{"line":76,"column":8}},{"start":{"line":76,"column":8},"end":{"line":76,"column":8}}]},"5":{"line":82,"type":"if","locations":[{"start":{"line":82,"column":8},"end":{"line":82,"column":8}},{"start":{"line":82,"column":8},"end":{"line":82,"column":8}}]}}},"contracts/sublesson/test/BasicNft.sol":{"l":{"14":3,"18":1,"19":1,"20":1,"24":0,"25":0,"29":0},"path":"/home/aindriu/Cáipéisí/Programming/projects/FreeCodeCamp/fcc-hardhat-nft-marketplace-app/contracts/sublesson/test/BasicNft.sol","s":{"1":1,"2":1,"3":0,"4":0,"5":0},"b":{"1":[0,0]},"f":{"1":3,"2":1,"3":0,"4":0},"fnMap":{"1":{"name":"constructor","line":13,"loc":{"start":{"line":13,"column":4},"end":{"line":15,"column":4}}},"2":{"name":"mintNft","line":17,"loc":{"start":{"line":17,"column":4},"end":{"line":21,"column":4}}},"3":{"name":"tokenURI","line":23,"loc":{"start":{"line":23,"column":4},"end":{"line":26,"column":4}}},"4":{"name":"getTokenCounter","line":28,"loc":{"start":{"line":28,"column":4},"end":{"line":30,"column":4}}}},"statementMap":{"1":{"start":{"line":18,"column":8},"end":{"line":18,"column":44}},"2":{"start":{"line":19,"column":8},"end":{"line":19,"column":38}},"3":{"start":{"line":24,"column":8},"end":{"line":24,"column":83}},"4":{"start":{"line":25,"column":8},"end":{"line":25,"column":24}},"5":{"start":{"line":29,"column":8},"end":{"line":29,"column":29}}},"branchMap":{"1":{"line":24,"type":"if","locations":[{"start":{"line":24,"column":8},"end":{"line":24,"column":8}},{"start":{"line":24,"column":8},"end":{"line":24,"column":8}}]}}}}