{"contracts/NftMarketplace.sol":{"l":{"58":1,"59":1,"60":0,"62":1,"66":0,"67":0,"68":0,"70":0,"78":1,"79":1,"80":1,"81":0,"83":1,"109":1,"110":0,"116":1,"117":1,"118":0,"120":1,"121":1,"129":0,"130":0,"131":0,"138":0,"139":0,"140":0,"142":0,"149":0,"150":0,"158":0,"159":0,"163":0,"164":0,"165":0,"167":0,"168":0,"169":0,"170":0,"182":0,"186":0},"path":"/home/aindriu/Cáipéisí/Programming/projects/FreeCodeCamp/fcc-hardhat-nft-marketplace-app/marketplace-backend/contracts/NftMarketplace.sol","s":{"1":1,"2":1,"3":0,"4":0,"5":1,"6":1,"7":1,"8":1,"9":1,"10":1,"11":1,"12":1,"13":0,"14":0,"15":0,"16":0,"17":0,"18":0,"19":0,"20":0,"21":0,"22":0,"23":0,"24":0,"25":0,"26":0,"27":0},"b":{"1":[0,1],"2":[0,0],"3":[0,1],"4":[0,1],"5":[0,1],"6":[0,0],"7":[0,0],"8":[0,0]},"f":{"1":1,"2":0,"3":1,"4":1,"5":0,"6":0,"7":0,"8":0,"9":0,"10":0},"fnMap":{"1":{"name":"notListed","line":53,"loc":{"start":{"line":53,"column":4},"end":{"line":63,"column":4}}},"2":{"name":"isListed","line":65,"loc":{"start":{"line":65,"column":4},"end":{"line":71,"column":4}}},"3":{"name":"isOwner","line":73,"loc":{"start":{"line":73,"column":4},"end":{"line":84,"column":4}}},"4":{"name":"listItem","line":107,"loc":{"start":{"line":98,"column":4},"end":{"line":123,"column":4}}},"5":{"name":"buyItem","line":128,"loc":{"start":{"line":125,"column":4},"end":{"line":143,"column":4}}},"6":{"name":"cancelItem","line":148,"loc":{"start":{"line":145,"column":4},"end":{"line":151,"column":4}}},"7":{"name":"updateListing","line":157,"loc":{"start":{"line":153,"column":4},"end":{"line":160,"column":4}}},"8":{"name":"withdrawProceeds","line":162,"loc":{"start":{"line":162,"column":4},"end":{"line":172,"column":4}}},"9":{"name":"getListing","line":178,"loc":{"start":{"line":178,"column":4},"end":{"line":183,"column":4}}},"10":{"name":"getProceeds","line":185,"loc":{"start":{"line":185,"column":4},"end":{"line":187,"column":4}}}},"statementMap":{"1":{"start":{"line":58,"column":8},"end":{"line":58,"column":64}},"2":{"start":{"line":59,"column":8},"end":{"line":59,"column":1877}},"3":{"start":{"line":66,"column":8},"end":{"line":66,"column":64}},"4":{"start":{"line":67,"column":8},"end":{"line":67,"column":2136}},"5":{"start":{"line":78,"column":8},"end":{"line":78,"column":41}},"6":{"start":{"line":79,"column":8},"end":{"line":79,"column":44}},"7":{"start":{"line":80,"column":8},"end":{"line":80,"column":2461}},"8":{"start":{"line":109,"column":8},"end":{"line":109,"column":3430}},"9":{"start":{"line":116,"column":8},"end":{"line":116,"column":41}},"10":{"start":{"line":117,"column":8},"end":{"line":117,"column":3794}},"11":{"start":{"line":120,"column":8},"end":{"line":120,"column":67}},"12":{"start":{"line":121,"column":8},"end":{"line":121,"column":63}},"13":{"start":{"line":129,"column":8},"end":{"line":129,"column":67}},"14":{"start":{"line":130,"column":8},"end":{"line":130,"column":4307}},"15":{"start":{"line":138,"column":8},"end":{"line":138,"column":80}},"16":{"start":{"line":140,"column":8},"end":{"line":140,"column":83}},"17":{"start":{"line":142,"column":8},"end":{"line":142,"column":74}},"18":{"start":{"line":150,"column":8},"end":{"line":150,"column":58}},"19":{"start":{"line":158,"column":8},"end":{"line":158,"column":55}},"20":{"start":{"line":159,"column":8},"end":{"line":159,"column":66}},"21":{"start":{"line":163,"column":8},"end":{"line":163,"column":49}},"22":{"start":{"line":164,"column":8},"end":{"line":164,"column":5758}},"23":{"start":{"line":167,"column":8},"end":{"line":167,"column":33}},"24":{"start":{"line":168,"column":8},"end":{"line":168,"column":72}},"25":{"start":{"line":169,"column":8},"end":{"line":169,"column":5957}},"26":{"start":{"line":182,"column":8},"end":{"line":182,"column":46}},"27":{"start":{"line":186,"column":8},"end":{"line":186,"column":33}}},"branchMap":{"1":{"line":59,"type":"if","locations":[{"start":{"line":59,"column":8},"end":{"line":59,"column":8}},{"start":{"line":59,"column":8},"end":{"line":59,"column":8}}]},"2":{"line":67,"type":"if","locations":[{"start":{"line":67,"column":8},"end":{"line":67,"column":8}},{"start":{"line":67,"column":8},"end":{"line":67,"column":8}}]},"3":{"line":80,"type":"if","locations":[{"start":{"line":80,"column":8},"end":{"line":80,"column":8}},{"start":{"line":80,"column":8},"end":{"line":80,"column":8}}]},"4":{"line":109,"type":"if","locations":[{"start":{"line":109,"column":8},"end":{"line":109,"column":8}},{"start":{"line":109,"column":8},"end":{"line":109,"column":8}}]},"5":{"line":117,"type":"if","locations":[{"start":{"line":117,"column":8},"end":{"line":117,"column":8}},{"start":{"line":117,"column":8},"end":{"line":117,"column":8}}]},"6":{"line":130,"type":"if","locations":[{"start":{"line":130,"column":8},"end":{"line":130,"column":8}},{"start":{"line":130,"column":8},"end":{"line":130,"column":8}}]},"7":{"line":164,"type":"if","locations":[{"start":{"line":164,"column":8},"end":{"line":164,"column":8}},{"start":{"line":164,"column":8},"end":{"line":164,"column":8}}]},"8":{"line":169,"type":"if","locations":[{"start":{"line":169,"column":8},"end":{"line":169,"column":8}},{"start":{"line":169,"column":8},"end":{"line":169,"column":8}}]}}},"contracts/sublesson/ReentrantVulnerable.sol":{"l":{"43":0,"49":0,"50":0,"51":0,"52":0,"54":0,"55":0,"57":0,"58":0,"63":0,"71":0,"76":0,"77":0,"82":0,"83":0,"84":0,"89":0},"path":"/home/aindriu/Cáipéisí/Programming/projects/FreeCodeCamp/fcc-hardhat-nft-marketplace-app/marketplace-backend/contracts/sublesson/ReentrantVulnerable.sol","s":{"1":0,"2":0,"3":0,"4":0,"5":0,"6":0,"7":0,"8":0,"9":0,"10":0,"11":0,"12":0,"13":0,"14":0,"15":0,"16":0,"17":0},"b":{"1":[0,0],"2":[0,0],"3":[0,0],"4":[0,0],"5":[0,0]},"f":{"1":0,"2":0,"3":0,"4":0,"5":0,"6":0,"7":0},"fnMap":{"1":{"name":"deposit","line":42,"loc":{"start":{"line":42,"column":4},"end":{"line":44,"column":4}}},"2":{"name":"withdraw","line":48,"loc":{"start":{"line":48,"column":4},"end":{"line":59,"column":4}}},"3":{"name":"getBalance","line":62,"loc":{"start":{"line":62,"column":4},"end":{"line":64,"column":4}}},"4":{"name":"constructor","line":70,"loc":{"start":{"line":70,"column":4},"end":{"line":72,"column":4}}},"5":{"name":null,"line":75,"loc":{"start":{"line":75,"column":4},"end":{"line":79,"column":4}}},"6":{"name":"attack","line":81,"loc":{"start":{"line":81,"column":4},"end":{"line":85,"column":4}}},"7":{"name":"getBalance","line":88,"loc":{"start":{"line":88,"column":4},"end":{"line":90,"column":4}}}},"statementMap":{"1":{"start":{"line":43,"column":8},"end":{"line":43,"column":40}},"2":{"start":{"line":49,"column":8},"end":{"line":49,"column":33}},"3":{"start":{"line":50,"column":8},"end":{"line":50,"column":20}},"4":{"start":{"line":51,"column":8},"end":{"line":51,"column":42}},"5":{"start":{"line":52,"column":8},"end":{"line":52,"column":23}},"6":{"start":{"line":54,"column":8},"end":{"line":54,"column":55}},"7":{"start":{"line":55,"column":8},"end":{"line":55,"column":44}},"8":{"start":{"line":57,"column":8},"end":{"line":57,"column":31}},"9":{"start":{"line":58,"column":8},"end":{"line":58,"column":21}},"10":{"start":{"line":63,"column":8},"end":{"line":63,"column":36}},"11":{"start":{"line":71,"column":8},"end":{"line":71,"column":77}},"12":{"start":{"line":76,"column":8},"end":{"line":76,"column":2160}},"13":{"start":{"line":77,"column":12},"end":{"line":77,"column":41}},"14":{"start":{"line":82,"column":8},"end":{"line":82,"column":36}},"15":{"start":{"line":83,"column":8},"end":{"line":83,"column":52}},"16":{"start":{"line":84,"column":8},"end":{"line":84,"column":37}},"17":{"start":{"line":89,"column":8},"end":{"line":89,"column":36}}},"branchMap":{"1":{"line":49,"type":"if","locations":[{"start":{"line":49,"column":8},"end":{"line":49,"column":8}},{"start":{"line":49,"column":8},"end":{"line":49,"column":8}}]},"2":{"line":52,"type":"if","locations":[{"start":{"line":52,"column":8},"end":{"line":52,"column":8}},{"start":{"line":52,"column":8},"end":{"line":52,"column":8}}]},"3":{"line":55,"type":"if","locations":[{"start":{"line":55,"column":8},"end":{"line":55,"column":8}},{"start":{"line":55,"column":8},"end":{"line":55,"column":8}}]},"4":{"line":76,"type":"if","locations":[{"start":{"line":76,"column":8},"end":{"line":76,"column":8}},{"start":{"line":76,"column":8},"end":{"line":76,"column":8}}]},"5":{"line":82,"type":"if","locations":[{"start":{"line":82,"column":8},"end":{"line":82,"column":8}},{"start":{"line":82,"column":8},"end":{"line":82,"column":8}}]}}},"contracts/sublesson/test/BasicNft.sol":{"l":{"14":3,"18":1,"19":1,"20":1,"24":0,"25":0,"29":0},"path":"/home/aindriu/Cáipéisí/Programming/projects/FreeCodeCamp/fcc-hardhat-nft-marketplace-app/marketplace-backend/contracts/sublesson/test/BasicNft.sol","s":{"1":3,"2":1,"3":1,"4":1,"5":0,"6":0,"7":0},"b":{"1":[0,0]},"f":{"1":3,"2":1,"3":0,"4":0},"fnMap":{"1":{"name":"constructor","line":13,"loc":{"start":{"line":13,"column":4},"end":{"line":15,"column":4}}},"2":{"name":"mintNft","line":17,"loc":{"start":{"line":17,"column":4},"end":{"line":21,"column":4}}},"3":{"name":"tokenURI","line":23,"loc":{"start":{"line":23,"column":4},"end":{"line":26,"column":4}}},"4":{"name":"getTokenCounter","line":28,"loc":{"start":{"line":28,"column":4},"end":{"line":30,"column":4}}}},"statementMap":{"1":{"start":{"line":14,"column":8},"end":{"line":14,"column":25}},"2":{"start":{"line":18,"column":8},"end":{"line":18,"column":44}},"3":{"start":{"line":19,"column":8},"end":{"line":19,"column":38}},"4":{"start":{"line":20,"column":8},"end":{"line":20,"column":42}},"5":{"start":{"line":24,"column":8},"end":{"line":24,"column":83}},"6":{"start":{"line":25,"column":8},"end":{"line":25,"column":24}},"7":{"start":{"line":29,"column":8},"end":{"line":29,"column":29}}},"branchMap":{"1":{"line":24,"type":"if","locations":[{"start":{"line":24,"column":8},"end":{"line":24,"column":8}},{"start":{"line":24,"column":8},"end":{"line":24,"column":8}}]}}}}